14:24:02 **** Incremental Build of configuration Debug for project CUDA_CNN ****
make all 
Building file: ../src/Network.cu
Invoking: NVCC Compiler
/usr/local/cuda-8.0/bin/nvcc -G -g -O0 -std=c++11 -gencode arch=compute_20,code=sm_20 -gencode arch=compute_60,code=sm_60  -odir "src" -M -o "src/Network.d" "../src/Network.cu"
nvcc warning : The 'compute_20', 'sm_20', and 'sm_21' architectures are deprecated, and may be removed in a future release (Use -Wno-deprecated-gpu-targets to suppress warning).
/usr/local/cuda-8.0/bin/nvcc -G -g -O0 -std=c++11 --compile --relocatable-device-code=false -gencode arch=compute_20,code=compute_20 -gencode arch=compute_60,code=compute_60 -gencode arch=compute_20,code=sm_20 -gencode arch=compute_60,code=sm_60  -x cu -o  "src/Network.o" "../src/Network.cu"
nvcc warning : The 'compute_20', 'sm_20', and 'sm_21' architectures are deprecated, and may be removed in a future release (Use -Wno-deprecated-gpu-targets to suppress warning).
/usr/local/cuda-8.0/bin/..//include/cuda_fp16.h(3068): error: more than one instance of overloaded function "isinf" matches the argument list:
            function "isinf(float)"
            function "std::isinf(float)"
            argument types are: (float)

/usr/local/cuda-8.0/bin/..//include/cuda_fp16.h(3079): error: more than one instance of overloaded function "isinf" matches the argument list:
            function "isinf(float)"
            function "std::isinf(float)"
            argument types are: (float)

../src/Network.cu(48): warning: variable "cuda_error" was set but never used

../src/Network.cu(131): warning: variable "cuda_error" was set but never used

../src/Network.cu(493): warning: variable "cuda_error" was set but never used

../src/Network.cu(533): warning: variable "cuda_error" was set but never used

2 errors detected in the compilation of "/tmp/tmpxft_000026b5_00000000-9_Network.compute_60.cpp1.ii".
make: *** [src/Network.o] Fehler 2
src/subdir.mk:57: die Regel für Ziel „src/Network.o“ scheiterte

14:24:03 Build Finished (took 907ms)

